2015-02-05 01:44:19,397 - [INFO] - from play in main 
Listening for HTTP on port 9000...

2015-02-05 01:44:28,563 - [INFO] - from play in play-akka.actor.default-dispatcher-1 
database [default] connected at jdbc:h2:mem:play

2015-02-05 01:44:29,949 - [ERROR] - from application in New I/O server worker #1-1 


! @6l4l6j72h - Internal server error, for request [GET /index.html] ->

play.api.db.evolutions.InvalidDatabaseRevision: Database 'default' needs evolution! [An SQL script need to be run on your database.]
	at play.api.db.evolutions.EvolutionsPlugin$$anonfun$onStart$1.apply(Evolutions.scala:424) ~[play_2.9.1.jar:2.0]
	at play.api.db.evolutions.EvolutionsPlugin$$anonfun$onStart$1.apply(Evolutions.scala:410) ~[play_2.9.1.jar:2.0]
	at scala.collection.LinearSeqOptimized$class.foreach(LinearSeqOptimized.scala:59) ~[scala-library.jar:0.11.2]
	at scala.collection.immutable.List.foreach(List.scala:45) ~[scala-library.jar:0.11.2]
	at play.api.db.evolutions.EvolutionsPlugin.onStart(Evolutions.scala:410) ~[play_2.9.1.jar:2.0]
	at play.api.Play$$anonfun$start$1.apply(Play.scala:60) ~[play_2.9.1.jar:2.0]
	at play.api.Play$$anonfun$start$1.apply(Play.scala:60) ~[play_2.9.1.jar:2.0]
	at scala.collection.LinearSeqOptimized$class.foreach(LinearSeqOptimized.scala:59) ~[scala-library.jar:0.11.2]
	at scala.collection.immutable.List.foreach(List.scala:45) ~[scala-library.jar:0.11.2]
	at play.api.Play$.start(Play.scala:60) ~[play_2.9.1.jar:2.0]
	at play.core.ReloadableApplication$$anonfun$get$1$$anonfun$apply$3$$anonfun$1.apply(ApplicationProvider.scala:125) ~[play_2.9.1.jar:2.0]
	at play.core.ReloadableApplication$$anonfun$get$1$$anonfun$apply$3$$anonfun$1.apply(ApplicationProvider.scala:112) ~[play_2.9.1.jar:2.0]
	at scala.Option.map(Option.scala:133) ~[scala-library.jar:0.11.2]
	at play.core.ReloadableApplication$$anonfun$get$1$$anonfun$apply$3.apply(ApplicationProvider.scala:112) ~[play_2.9.1.jar:2.0]
	at play.core.ReloadableApplication$$anonfun$get$1$$anonfun$apply$3.apply(ApplicationProvider.scala:110) ~[play_2.9.1.jar:2.0]
	at scala.Either$RightProjection.flatMap(Either.scala:277) ~[scala-library.jar:0.11.2]
	at play.core.ReloadableApplication$$anonfun$get$1.apply(ApplicationProvider.scala:110) ~[play_2.9.1.jar:2.0]
	at play.core.ReloadableApplication$$anonfun$get$1.apply(ApplicationProvider.scala:110) ~[play_2.9.1.jar:2.0]
	at akka.dispatch.Future$$anon$3.liftedTree1$1(Future.scala:195) ~[akka-actor.jar:2.0]
	at akka.dispatch.Future$$anon$3.run(Future.scala:194) ~[akka-actor.jar:2.0]
	at akka.dispatch.TaskInvocation.run(AbstractDispatcher.scala:83) ~[akka-actor.jar:2.0]
	at akka.jsr166y.ForkJoinTask$AdaptedRunnableAction.exec(ForkJoinTask.java:1381) ~[akka-actor.jar:2.0]
	at akka.jsr166y.ForkJoinTask.doExec(ForkJoinTask.java:259) ~[akka-actor.jar:2.0]
	at akka.jsr166y.ForkJoinPool$WorkQueue.runTask(ForkJoinPool.java:997) ~[akka-actor.jar:2.0]
	at akka.jsr166y.ForkJoinPool.runWorker(ForkJoinPool.java:1495) ~[akka-actor.jar:2.0]
	at akka.jsr166y.ForkJoinWorkerThread.run(ForkJoinWorkerThread.java:104) ~[akka-actor.jar:2.0]

2015-02-05 01:44:32,782 - [WARN] - from play in New I/O server worker #1-1 
Applying evolution script for database 'default':

# --- Rev:1,Ups - ffb1b07
create table computer (
id                        bigint not null,
name                      varchar(255),
lastconnection            varchar(255),
ipaddress                 varchar(255),
portnum                   bigint,
constraint pk_computer primary key (id))
;

create sequence computer_seq start with 1000;

# --- Rev:2,Ups - 5c59c2c
insert into computer (id,name,lastconnection,ipaddress,portnum) values (  1,'node1','120','192.168.1.2',8000);
insert into computer (id,name,lastconnection,ipaddress,portnum) values (  2,'node2','78','192.168.4.2',8000);
insert into computer (id,name,lastconnection,ipaddress,portnum) values (  3,'node3','2','192.168.1.6',8000);
insert into computer (id,name,lastconnection,ipaddress,portnum) values (  4,'node4','64','192.168.1.4',8000);
insert into computer (id,name,lastconnection,ipaddress,portnum) values (  5,'node5','52','192.168.1.8',8000);
insert into computer (id,name,lastconnection,ipaddress,portnum) values (  6,'node6','0','192.168.10.2',8000);
insert into computer (id,name,lastconnection,ipaddress,portnum) values (  8,'node8','0','192.168.9.3',8000);
insert into computer (id,name,lastconnection,ipaddress,portnum) values ( 10,'node10','10','192.168.8.9',8000);
insert into computer (id,name,lastconnection,ipaddress,portnum) values ( 11,'node11','21','192.168.5.2',8000);
insert into computer (id,name,lastconnection,ipaddress,portnum) values ( 15,'node15','21','192.168.1.10',8000);
insert into computer (id,name,lastconnection,ipaddress,portnum) values ( 16,'node16','12','192.168.1.9',8000);
insert into computer (id,name,lastconnection,ipaddress,portnum) values ( 17,'node17','65','192.168.5.12',8000);
insert into computer (id,name,lastconnection,ipaddress,portnum) values ( 20,'node20','42','192.168.9.11',8000);
insert into computer (id,name,lastconnection,ipaddress,portnum) values ( 25,'node25','11','192.168.1.37',8000);
insert into computer (id,name,lastconnection,ipaddress,portnum) values ( 27,'node27','2','192.168.1.40',8000);


2015-02-05 01:44:43,374 - [ERROR] - from net.sf.ehcache.Cache in play-akka.actor.default-dispatcher-1 
Unable to set localhost. This prevents creation of a GUID. Cause was: MacBook-Pro.local: MacBook-Pro.local: nodename nor servname provided, or not known
java.net.UnknownHostException: MacBook-Pro.local: MacBook-Pro.local: nodename nor servname provided, or not known
	at java.net.InetAddress.getLocalHost(InetAddress.java:1473) ~[na:1.7.0_67]
	at net.sf.ehcache.Cache.<clinit>(Cache.java:217) ~[ehcache-core.jar:na]
	at net.sf.ehcache.config.ConfigurationHelper.createCache(ConfigurationHelper.java:303) [ehcache-core.jar:na]
	at net.sf.ehcache.config.ConfigurationHelper.createDefaultCache(ConfigurationHelper.java:219) [ehcache-core.jar:na]
	at net.sf.ehcache.CacheManager.configure(CacheManager.java:651) [ehcache-core.jar:na]
	at net.sf.ehcache.CacheManager.doInit(CacheManager.java:410) [ehcache-core.jar:na]
	at net.sf.ehcache.CacheManager.init(CacheManager.java:352) [ehcache-core.jar:na]
	at net.sf.ehcache.CacheManager.<init>(CacheManager.java:237) [ehcache-core.jar:na]
	at net.sf.ehcache.CacheManager.create(CacheManager.java:856) [ehcache-core.jar:na]
	at net.sf.ehcache.CacheManager.create(CacheManager.java:743) [ehcache-core.jar:na]
	at play.api.cache.EhCachePlugin.x$3(Cache.scala:110) [play_2.9.1.jar:2.0]
	at play.api.cache.EhCachePlugin.manager(Cache.scala:109) [play_2.9.1.jar:2.0]
	at play.api.cache.EhCachePlugin.onStop(Cache.scala:131) [play_2.9.1.jar:2.0]
	at play.api.Play$$anonfun$stop$1$$anonfun$apply$1.apply(Play.scala:75) [play_2.9.1.jar:2.0]
	at play.api.Play$$anonfun$stop$1$$anonfun$apply$1.apply(Play.scala:74) [play_2.9.1.jar:2.0]
	at scala.collection.LinearSeqOptimized$class.foreach(LinearSeqOptimized.scala:59) [scala-library.jar:0.11.2]
	at scala.collection.immutable.List.foreach(List.scala:45) [scala-library.jar:0.11.2]
	at play.api.Play$$anonfun$stop$1.apply(Play.scala:74) [play_2.9.1.jar:2.0]
	at play.api.Play$$anonfun$stop$1.apply(Play.scala:74) [play_2.9.1.jar:2.0]
	at scala.Option.map(Option.scala:133) [scala-library.jar:0.11.2]
	at play.api.Play$.stop(Play.scala:73) [play_2.9.1.jar:2.0]
	at play.api.Play$.start(Play.scala:56) [play_2.9.1.jar:2.0]
	at play.core.ReloadableApplication$$anonfun$get$1$$anonfun$apply$3$$anonfun$1.apply(ApplicationProvider.scala:125) [play_2.9.1.jar:2.0]
	at play.core.ReloadableApplication$$anonfun$get$1$$anonfun$apply$3$$anonfun$1.apply(ApplicationProvider.scala:112) [play_2.9.1.jar:2.0]
	at scala.Option.map(Option.scala:133) [scala-library.jar:0.11.2]
	at play.core.ReloadableApplication$$anonfun$get$1$$anonfun$apply$3.apply(ApplicationProvider.scala:112) [play_2.9.1.jar:2.0]
	at play.core.ReloadableApplication$$anonfun$get$1$$anonfun$apply$3.apply(ApplicationProvider.scala:110) [play_2.9.1.jar:2.0]
	at scala.Either$RightProjection.flatMap(Either.scala:277) [scala-library.jar:0.11.2]
	at play.core.ReloadableApplication$$anonfun$get$1.apply(ApplicationProvider.scala:110) [play_2.9.1.jar:2.0]
	at play.core.ReloadableApplication$$anonfun$get$1.apply(ApplicationProvider.scala:110) [play_2.9.1.jar:2.0]
	at akka.dispatch.Future$$anon$3.liftedTree1$1(Future.scala:195) [akka-actor.jar:2.0]
	at akka.dispatch.Future$$anon$3.run(Future.scala:194) [akka-actor.jar:2.0]
	at akka.dispatch.TaskInvocation.run(AbstractDispatcher.scala:83) [akka-actor.jar:2.0]
	at akka.jsr166y.ForkJoinTask$AdaptedRunnableAction.exec(ForkJoinTask.java:1381) [akka-actor.jar:2.0]
	at akka.jsr166y.ForkJoinTask.doExec(ForkJoinTask.java:259) [akka-actor.jar:2.0]
	at akka.jsr166y.ForkJoinPool$WorkQueue.runTask(ForkJoinPool.java:997) [akka-actor.jar:2.0]
	at akka.jsr166y.ForkJoinPool.runWorker(ForkJoinPool.java:1495) [akka-actor.jar:2.0]
	at akka.jsr166y.ForkJoinWorkerThread.run(ForkJoinWorkerThread.java:104) [akka-actor.jar:2.0]
Caused by: java.net.UnknownHostException: MacBook-Pro.local: nodename nor servname provided, or not known
	at java.net.Inet6AddressImpl.lookupAllHostAddr(Native Method) ~[na:1.7.0_67]
	at java.net.InetAddress$1.lookupAllHostAddr(InetAddress.java:901) ~[na:1.7.0_67]
	at java.net.InetAddress.getAddressesFromNameService(InetAddress.java:1293) ~[na:1.7.0_67]
	at java.net.InetAddress.getLocalHost(InetAddress.java:1469) ~[na:1.7.0_67]
	... 37 common frames omitted

2015-02-05 01:44:43,431 - [INFO] - from play in play-akka.actor.default-dispatcher-1 
database [default] connected at jdbc:h2:mem:play

2015-02-05 01:44:43,954 - [INFO] - from play in play-akka.actor.default-dispatcher-1 
Application started (Dev)

